2026-02-13 17:07:13 [ERROR] Failed to fetch info for https://www.youtube.com/watch?v=7M0AHBT8mFQ&pp=ygUXcHVibGljICBmb3IgZG93bmxvYWRpbmc%3D: Could not extract functions {"stack":"Error: Could not extract functions\n    at E:\\Social-downloader\\node_modules\\ytdl-core\\lib\\sig.js:20:11\n    at process.processTicksAndRejections (node:internal/process/task_queues:105:5)"}
2026-02-13 17:07:13 [ERROR] Analyze error: Could not extract functions
2026-02-13 17:07:43 [ERROR] Failed to fetch info for https://www.youtube.com/watch?v=8fHvEkvylmA&pp=ygUXcHVibGljICBmb3IgZG93bmxhb2RpbmfSBwkJhwoBhyohjO8%3D: Could not extract functions {"stack":"Error: Could not extract functions\n    at E:\\Social-downloader\\node_modules\\ytdl-core\\lib\\sig.js:20:11\n    at process.processTicksAndRejections (node:internal/process/task_queues:105:5)"}
2026-02-13 17:07:43 [ERROR] Analyze error: Could not extract functions
2026-02-13 17:08:41 [ERROR] Failed to fetch info for https://www.youtube.com/watch?v=8tyR9S67NhI: Could not extract functions {"stack":"Error: Could not extract functions\n    at E:\\Social-downloader\\node_modules\\ytdl-core\\lib\\sig.js:20:11\n    at process.processTicksAndRejections (node:internal/process/task_queues:105:5)"}
2026-02-13 17:08:41 [ERROR] Analyze error: Could not extract functions
2026-02-13 17:11:19 [ERROR] Failed to fetch info for https://www.youtube.com/watch?v=jNQXAC9IVRw: Could not extract functions {"stack":"Error: Could not extract functions\n    at E:\\Social-downloader\\node_modules\\ytdl-core\\lib\\sig.js:20:11\n    at process.processTicksAndRejections (node:internal/process/task_queues:105:5)"}
2026-02-13 17:11:19 [ERROR] Analyze error: Could not extract functions
2026-02-13 17:12:11 [ERROR] Failed to fetch info for https://www.youtube.com/watch?v=jNQXAC9IVRw: Could not extract functions {"stack":"Error: Could not extract functions\n    at E:\\Social-downloader\\node_modules\\ytdl-core\\lib\\sig.js:20:11\n    at process.processTicksAndRejections (node:internal/process/task_queues:105:5)"}
2026-02-13 17:12:11 [ERROR] Analyze error: Could not extract functions
2026-02-13 17:23:41 [ERROR] Failed to fetch info for https://www.youtube.com/watch?v=ZVzzVmPuWqs:
2026-02-13 17:23:41 [ERROR] Analyze error: Could not fetch video information from any API
2026-02-13 17:35:28 [ERROR] Failed to get video info: aborted
2026-02-13 17:35:28 [ERROR] Download error: Failed to get video info: aborted
2026-02-13 18:58:12 [ERROR] Failed to fetch info for https://www.instagram.com/reels/DUbE_v2EiFA/:
2026-02-13 18:58:12 [ERROR] Analyze error: Instagram support not installed
2026-02-14 11:00:52 [ERROR] Instagram download error: Request failed with status code 429
2026-02-14 11:00:52 [ERROR] ❌ Download error: Instagram download failed: Request failed with status code 429
2026-02-14 11:01:41 [ERROR] Instagram download error: Request failed with status code 429
2026-02-14 11:01:41 [ERROR] ❌ Download error: Instagram download failed: Request failed with status code 429
2026-02-14 11:03:36 [ERROR] Instagram download error: All download methods failed. getaddrinfo EAI_AGAIN snapinsta.app
2026-02-14 11:03:36 [ERROR] ❌ Download error: Instagram download failed: All download methods failed. getaddrinfo EAI_AGAIN snapinsta.app. Try using the Instagram app or a browser extension instead.
2026-02-14 11:10:02 [ERROR] yt-dlp download error: Command failed: yt-dlp --no-warnings -o "E:\Social-downloader\social-downloader-api\downloads\instagram_%(title).50s_1771049396983.%(ext)s" "https://www.instagram.com/reel/C5xYzP2vQ3L/"
ERROR: [Instagram] C5xYzP2vQ3L: Instagram sent an empty media response. Check if this post is accessible in your browser without being logged-in. If it is not, then use --cookies-from-browser or --cookies for the authentication. See  https://github.com/yt-dlp/yt-dlp/wiki/FAQ#how-do-i-pass-cookies-to-yt-dlp  for how to manually pass cookies. Otherwise, if the post is accessible in browser without being logged-in, please report this issue on  https://github.com/yt-dlp/yt-dlp/issues?q= , filling out the appropriate issue template. Confirm you are on the latest version using  yt-dlp -U

2026-02-14 11:10:02 [ERROR] Instagram download error: Command failed: yt-dlp --no-warnings -o "E:\Social-downloader\social-downloader-api\downloads\instagram_%(title).50s_1771049396983.%(ext)s" "https://www.instagram.com/reel/C5xYzP2vQ3L/"
ERROR: [Instagram] C5xYzP2vQ3L: Instagram sent an empty media response. Check if this post is accessible in your browser without being logged-in. If it is not, then use --cookies-from-browser or --cookies for the authentication. See  https://github.com/yt-dlp/yt-dlp/wiki/FAQ#how-do-i-pass-cookies-to-yt-dlp  for how to manually pass cookies. Otherwise, if the post is accessible in browser without being logged-in, please report this issue on  https://github.com/yt-dlp/yt-dlp/issues?q= , filling out the appropriate issue template. Confirm you are on the latest version using  yt-dlp -U

2026-02-14 11:10:02 [ERROR] ❌ Download error: Instagram download failed: Command failed: yt-dlp --no-warnings -o "E:\Social-downloader\social-downloader-api\downloads\instagram_%(title).50s_1771049396983.%(ext)s" "https://www.instagram.com/reel/C5xYzP2vQ3L/"
ERROR: [Instagram] C5xYzP2vQ3L: Instagram sent an empty media response. Check if this post is accessible in your browser without being logged-in. If it is not, then use --cookies-from-browser or --cookies for the authentication. See  https://github.com/yt-dlp/yt-dlp/wiki/FAQ#how-do-i-pass-cookies-to-yt-dlp  for how to manually pass cookies. Otherwise, if the post is accessible in browser without being logged-in, please report this issue on  https://github.com/yt-dlp/yt-dlp/issues?q= , filling out the appropriate issue template. Confirm you are on the latest version using  yt-dlp -U

2026-02-14 11:12:53 [ERROR] yt-dlp download error: Command failed: yt-dlp --no-warnings -o "E:\Social-downloader\social-downloader-api\downloads\instagram_%(title).50s_1771049567495.%(ext)s" "https://www.instagram.com/reel/C5xYzP2vQ3L/"
ERROR: [Instagram] C5xYzP2vQ3L: Instagram sent an empty media response. Check if this post is accessible in your browser without being logged-in. If it is not, then use --cookies-from-browser or --cookies for the authentication. See  https://github.com/yt-dlp/yt-dlp/wiki/FAQ#how-do-i-pass-cookies-to-yt-dlp  for how to manually pass cookies. Otherwise, if the post is accessible in browser without being logged-in, please report this issue on  https://github.com/yt-dlp/yt-dlp/issues?q= , filling out the appropriate issue template. Confirm you are on the latest version using  yt-dlp -U

2026-02-14 11:12:53 [ERROR] Instagram download error: Command failed: yt-dlp --no-warnings -o "E:\Social-downloader\social-downloader-api\downloads\instagram_%(title).50s_1771049567495.%(ext)s" "https://www.instagram.com/reel/C5xYzP2vQ3L/"
ERROR: [Instagram] C5xYzP2vQ3L: Instagram sent an empty media response. Check if this post is accessible in your browser without being logged-in. If it is not, then use --cookies-from-browser or --cookies for the authentication. See  https://github.com/yt-dlp/yt-dlp/wiki/FAQ#how-do-i-pass-cookies-to-yt-dlp  for how to manually pass cookies. Otherwise, if the post is accessible in browser without being logged-in, please report this issue on  https://github.com/yt-dlp/yt-dlp/issues?q= , filling out the appropriate issue template. Confirm you are on the latest version using  yt-dlp -U

2026-02-14 11:12:53 [ERROR] ❌ Download error: Instagram download failed: Command failed: yt-dlp --no-warnings -o "E:\Social-downloader\social-downloader-api\downloads\instagram_%(title).50s_1771049567495.%(ext)s" "https://www.instagram.com/reel/C5xYzP2vQ3L/"
ERROR: [Instagram] C5xYzP2vQ3L: Instagram sent an empty media response. Check if this post is accessible in your browser without being logged-in. If it is not, then use --cookies-from-browser or --cookies for the authentication. See  https://github.com/yt-dlp/yt-dlp/wiki/FAQ#how-do-i-pass-cookies-to-yt-dlp  for how to manually pass cookies. Otherwise, if the post is accessible in browser without being logged-in, please report this issue on  https://github.com/yt-dlp/yt-dlp/issues?q= , filling out the appropriate issue template. Confirm you are on the latest version using  yt-dlp -U

